<?xml version="1.0" encoding="UTF-8"?>
<!-- Generated by org.testng.reporters.JUnitXMLReporter -->
<testsuite ignored="0" hostname="MUKESH-PC" failures="0" tests="4" name="Default test" time="61.41" errors="0" timestamp="2023-04-11T22:17:04 IST">
  <testcase classname="april7.AdvanceReport" name="testFail" time="0.06"/>
  <testcase classname="april7.AdvanceReport" name="testFail2" time="5.265"/>
  <testcase classname="april7.AdvanceReport" name="testPass" time="0.025"/>
  <testcase classname="april7.AdvanceReport" name="testPass2" time="1.555"/>
</testsuite> <!-- Default test -->
