<?xml version="1.0" encoding="UTF-8"?>
<!-- Generated by org.testng.reporters.JUnitXMLReporter -->
<testsuite ignored="0" hostname="MUKESH-PC" failures="0" tests="3" name="Test1" time="24.073" errors="0" timestamp="2023-04-11T22:24:01 IST">
  <testcase classname="mar31.FirstTestNGClass" name="cbanking" time="0.768"/>
  <testcase classname="mar31.FirstTestNGClass" name="ibanking" time="0.588"/>
  <testcase classname="mar31.FirstTestNGClass" name="pbanking" time="2.042"/>
</testsuite> <!-- Test1 -->
