<?xml version="1.0" encoding="UTF-8"?>
<!-- Generated by org.testng.reporters.JUnitXMLReporter -->
<testsuite ignored="1" hostname="MUKESH-PC" failures="0" tests="2" name="Test3" time="2.856" errors="0" timestamp="2023-04-11T22:26:11 IST">
  <testcase classname="april1.TestNG2" name="branches" time="1.806"/>
  <testcase classname="april1.TestNG2" name="roles" time="1.034"/>
  <testcase classname="april1.TestNG2" name="users" time="0.0">
    <ignored/>
  </testcase> <!-- users -->
</testsuite> <!-- Test3 -->
