<?xml version="1.0" encoding="UTF-8"?>
<!-- Generated by org.testng.reporters.JUnitXMLReporter -->
<testsuite ignored="0" hostname="MUKESH-PC" failures="0" tests="3" name="Test1" time="11.145" errors="0" timestamp="2023-05-18T22:42:23 IST">
  <testcase classname="mar31.FirstTestNGClass" name="cbanking" time="0.573"/>
  <testcase classname="mar31.FirstTestNGClass" name="ibanking" time="0.84"/>
  <testcase classname="mar31.FirstTestNGClass" name="pbanking" time="1.226"/>
</testsuite> <!-- Test1 -->
