<?xml version="1.0" encoding="UTF-8"?>
<!-- Generated by org.testng.reporters.JUnitXMLReporter -->
<testsuite ignored="0" hostname="MUKESH-PC" failures="0" tests="7" name="test01" time="162.2" errors="0" timestamp="2023-05-20T15:46:45 IST">
  <testcase classname="april1.TestNG4" name="addition" time="11.817"/>
  <testcase classname="april1.TestNG4" name="addition" time="11.785"/>
  <testcase classname="april1.TestNG4" name="addition" time="8.574"/>
  <testcase classname="april1.TestNG4" name="addition" time="8.569"/>
  <testcase classname="april1.TestNG4" name="addition" time="8.594"/>
  <testcase classname="april1.TestNG4" name="multiplication" time="0.481"/>
  <testcase classname="april1.TestNG4" name="division" time="0.522"/>
</testsuite> <!-- test01 -->
