<?xml version="1.0" encoding="UTF-8"?>
<testng-results ignored="1" total="9" passed="8" failed="0" skipped="0">
  <reporter-output>
    <line>
      <![CDATA[Running pre-condition]]>
    </line>
    <line>
      <![CDATA[Running pre-condition]]>
    </line>
    <line>
      <![CDATA[Executing cbanking test]]>
    </line>
    <line>
      <![CDATA[Executing ibanking test]]>
    </line>
    <line>
      <![CDATA[Executing pbanking test]]>
    </line>
    <line>
      <![CDATA[Running post-condition]]>
    </line>
    <line>
      <![CDATA[Running pre-condition]]>
    </line>
    <line>
      <![CDATA[Executing addition test]]>
    </line>
    <line>
      <![CDATA[Running post-condition]]>
    </line>
    <line>
      <![CDATA[Running pre-condition]]>
    </line>
    <line>
      <![CDATA[Executing division test]]>
    </line>
    <line>
      <![CDATA[Running post-condition]]>
    </line>
    <line>
      <![CDATA[Running pre-condition]]>
    </line>
    <line>
      <![CDATA[Executing multiplication test]]>
    </line>
    <line>
      <![CDATA[Running post-condition]]>
    </line>
    <line>
      <![CDATA[Executing branches test]]>
    </line>
    <line>
      <![CDATA[Executing roles test]]>
    </line>
    <line>
      <![CDATA[Running post-condition]]>
    </line>
  </reporter-output>
  <suite started-at="2023-04-11T22:23:35 IST" name="Suite" finished-at="2023-04-11T22:26:11 IST" duration-ms="155442">
    <groups>
    </groups>
    <test started-at="2023-04-11T22:23:35 IST" name="Test1" finished-at="2023-04-11T22:23:59 IST" duration-ms="24073">
      <class name="mar31.FirstTestNGClass">
        <test-method is-config="true" signature="SetUp()[pri:0, instance:mar31.FirstTestNGClass@3754a4bf]" started-at="2023-04-11T22:23:35 IST" name="SetUp" finished-at="2023-04-11T22:23:49 IST" duration-ms="13889" status="PASS">
          <reporter-output>
            <line>
              <![CDATA[Running pre-condition]]>
            </line>
          </reporter-output>
        </test-method> <!-- SetUp -->
        <test-method signature="cbanking()[pri:0, instance:mar31.FirstTestNGClass@3754a4bf]" started-at="2023-04-11T22:23:49 IST" name="cbanking" finished-at="2023-04-11T22:23:50 IST" duration-ms="768" status="PASS">
          <reporter-output>
            <line>
              <![CDATA[Executing cbanking test]]>
            </line>
          </reporter-output>
        </test-method> <!-- cbanking -->
        <test-method signature="ibanking()[pri:0, instance:mar31.FirstTestNGClass@3754a4bf]" started-at="2023-04-11T22:23:50 IST" name="ibanking" finished-at="2023-04-11T22:23:51 IST" duration-ms="588" status="PASS">
          <reporter-output>
            <line>
              <![CDATA[Executing ibanking test]]>
            </line>
          </reporter-output>
        </test-method> <!-- ibanking -->
        <test-method signature="pbanking()[pri:0, instance:mar31.FirstTestNGClass@3754a4bf]" started-at="2023-04-11T22:23:51 IST" name="pbanking" finished-at="2023-04-11T22:23:53 IST" duration-ms="2042" status="PASS">
          <reporter-output>
            <line>
              <![CDATA[Executing pbanking test]]>
            </line>
          </reporter-output>
        </test-method> <!-- pbanking -->
        <test-method is-config="true" signature="TearDown()[pri:0, instance:mar31.FirstTestNGClass@3754a4bf]" started-at="2023-04-11T22:23:53 IST" name="TearDown" finished-at="2023-04-11T22:23:59 IST" duration-ms="6671" status="PASS">
          <reporter-output>
            <line>
              <![CDATA[Running post-condition]]>
            </line>
          </reporter-output>
        </test-method> <!-- TearDown -->
      </class> <!-- mar31.FirstTestNGClass -->
    </test> <!-- Test1 -->
    <test started-at="2023-04-11T22:24:02 IST" name="Test2" finished-at="2023-04-11T22:26:08 IST" duration-ms="125927">
      <class name="april1.TestNG">
        <test-method is-config="true" signature="setUp()[pri:0, instance:april1.TestNG@bcec361]" started-at="2023-04-11T22:24:02 IST" name="setUp" finished-at="2023-04-11T22:24:34 IST" duration-ms="31952" status="PASS">
          <reporter-output>
            <line>
              <![CDATA[Running pre-condition]]>
            </line>
          </reporter-output>
        </test-method> <!-- setUp -->
        <test-method signature="addition()[pri:0, instance:april1.TestNG@bcec361]" started-at="2023-04-11T22:24:34 IST" name="addition" finished-at="2023-04-11T22:24:34 IST" duration-ms="641" status="PASS">
          <reporter-output>
            <line>
              <![CDATA[Executing addition test]]>
            </line>
          </reporter-output>
        </test-method> <!-- addition -->
        <test-method is-config="true" signature="tearDown()[pri:0, instance:april1.TestNG@bcec361]" started-at="2023-04-11T22:24:34 IST" name="tearDown" finished-at="2023-04-11T22:24:35 IST" duration-ms="776" status="PASS">
          <reporter-output>
            <line>
              <![CDATA[Running post-condition]]>
            </line>
          </reporter-output>
        </test-method> <!-- tearDown -->
        <test-method is-config="true" signature="setUp()[pri:0, instance:april1.TestNG@bcec361]" started-at="2023-04-11T22:24:35 IST" name="setUp" finished-at="2023-04-11T22:25:24 IST" duration-ms="49153" status="PASS">
          <reporter-output>
            <line>
              <![CDATA[Running pre-condition]]>
            </line>
          </reporter-output>
        </test-method> <!-- setUp -->
        <test-method signature="division()[pri:0, instance:april1.TestNG@bcec361]" started-at="2023-04-11T22:25:24 IST" name="division" finished-at="2023-04-11T22:25:25 IST" duration-ms="524" status="PASS">
          <reporter-output>
            <line>
              <![CDATA[Executing division test]]>
            </line>
          </reporter-output>
        </test-method> <!-- division -->
        <test-method is-config="true" signature="tearDown()[pri:0, instance:april1.TestNG@bcec361]" started-at="2023-04-11T22:25:25 IST" name="tearDown" finished-at="2023-04-11T22:25:25 IST" duration-ms="379" status="PASS">
          <reporter-output>
            <line>
              <![CDATA[Running post-condition]]>
            </line>
          </reporter-output>
        </test-method> <!-- tearDown -->
        <test-method is-config="true" signature="setUp()[pri:0, instance:april1.TestNG@bcec361]" started-at="2023-04-11T22:25:25 IST" name="setUp" finished-at="2023-04-11T22:26:07 IST" duration-ms="41439" status="PASS">
          <reporter-output>
            <line>
              <![CDATA[Running pre-condition]]>
            </line>
          </reporter-output>
        </test-method> <!-- setUp -->
        <test-method signature="multiplication()[pri:0, instance:april1.TestNG@bcec361]" started-at="2023-04-11T22:26:07 IST" name="multiplication" finished-at="2023-04-11T22:26:07 IST" duration-ms="599" status="PASS">
          <reporter-output>
            <line>
              <![CDATA[Executing multiplication test]]>
            </line>
          </reporter-output>
        </test-method> <!-- multiplication -->
        <test-method is-config="true" signature="tearDown()[pri:0, instance:april1.TestNG@bcec361]" started-at="2023-04-11T22:26:07 IST" name="tearDown" finished-at="2023-04-11T22:26:08 IST" duration-ms="429" status="PASS">
          <reporter-output>
            <line>
              <![CDATA[Running post-condition]]>
            </line>
          </reporter-output>
        </test-method> <!-- tearDown -->
      </class> <!-- april1.TestNG -->
    </test> <!-- Test2 -->
    <test started-at="2023-04-11T22:26:08 IST" name="Test3" finished-at="2023-04-11T22:26:11 IST" duration-ms="2856">
      <class name="april1.TestNG2">
        <test-method is-config="true" signature="setUp()[pri:0, instance:april1.TestNG2@fbd1f6]" started-at="2023-04-11T22:23:18 IST" name="setUp" finished-at="2023-04-11T22:23:35 IST" duration-ms="17321" status="PASS">
          <reporter-output>
            <line>
              <![CDATA[Running pre-condition]]>
            </line>
          </reporter-output>
        </test-method> <!-- setUp -->
        <test-method signature="branches()[pri:0, instance:april1.TestNG2@fbd1f6]" started-at="2023-04-11T22:26:08 IST" name="branches" finished-at="2023-04-11T22:26:10 IST" duration-ms="1806" status="PASS">
          <reporter-output>
            <line>
              <![CDATA[Executing branches test]]>
            </line>
          </reporter-output>
        </test-method> <!-- branches -->
        <test-method signature="roles()[pri:0, instance:april1.TestNG2@fbd1f6]" started-at="2023-04-11T22:26:10 IST" name="roles" finished-at="2023-04-11T22:26:11 IST" duration-ms="1034" status="PASS">
          <reporter-output>
            <line>
              <![CDATA[Executing roles test]]>
            </line>
          </reporter-output>
        </test-method> <!-- roles -->
        <test-method is-config="true" signature="tearDown()[pri:0, instance:april1.TestNG2@fbd1f6]" started-at="2023-04-11T22:26:11 IST" name="tearDown" finished-at="2023-04-11T22:26:11 IST" duration-ms="290" status="PASS">
          <reporter-output>
            <line>
              <![CDATA[Running post-condition]]>
            </line>
          </reporter-output>
        </test-method> <!-- tearDown -->
      </class> <!-- april1.TestNG2 -->
    </test> <!-- Test3 -->
  </suite> <!-- Suite -->
</testng-results>
