<?xml version="1.0" encoding="UTF-8"?>
<testng-results ignored="0" total="1" passed="1" failed="0" skipped="0">
  <reporter-output>
  </reporter-output>
  <suite started-at="2023-05-18T22:58:28 IST" name="Default suite" finished-at="2023-05-18T22:58:52 IST" duration-ms="23317">
    <groups>
    </groups>
    <test started-at="2023-05-18T22:58:28 IST" name="Default test" finished-at="2023-05-18T22:58:52 IST" duration-ms="23317">
      <class name="april3.FileProperty">
        <test-method signature="login()[pri:0, instance:april3.FileProperty@4135c3b]" started-at="2023-05-18T22:58:28 IST" name="login" finished-at="2023-05-18T22:58:52 IST" duration-ms="23216" status="PASS">
          <reporter-output>
          </reporter-output>
        </test-method> <!-- login -->
      </class> <!-- april3.FileProperty -->
    </test> <!-- Default test -->
  </suite> <!-- Default suite -->
</testng-results>
