<?xml version="1.0" encoding="UTF-8"?>
<!-- Generated by org.testng.reporters.JUnitXMLReporter -->
<testsuite ignored="1" hostname="MUKESH-PC" failures="0" tests="8" name="Report" time="107.25" errors="0" timestamp="2023-04-03T19:29:43 IST">
  <testcase classname="mar31.FirstTestNGClass" name="cbanking" time="0.836"/>
  <testcase classname="mar31.FirstTestNGClass" name="ibanking" time="2.029"/>
  <testcase classname="mar31.FirstTestNGClass" name="pbanking" time="1.015"/>
  <testcase classname="april1.TestNG" name="addition" time="0.567"/>
  <testcase classname="april1.TestNG" name="division" time="0.704"/>
  <testcase classname="april1.TestNG" name="multiplication" time="0.487"/>
  <testcase classname="april1.TestNG2" name="branches" time="1.412"/>
  <testcase classname="april1.TestNG2" name="roles" time="0.6"/>
  <testcase classname="april1.TestNG2" name="users" time="0.0">
    <ignored/>
  </testcase> <!-- users -->
</testsuite> <!-- Report -->
